# JRE version: OpenJDK Runtime Environment (8.0_76-b03) (build 1.8.0_76-release-b03)
# Java VM: OpenJDK 64-Bit Server VM (25.76-b03 mixed mode windows-amd64 compressed oops)
Heap:
 PSYoungGen      total 232960K, used 153061K [0x00000000eab00000, 0x0000000100000000, 0x0000000100000000)
  eden space 116736K, 95% used [0x00000000eab00000,0x00000000f177c4f0,0x00000000f1d00000)
  from space 116224K, 36% used [0x00000000f8e80000,0x00000000fb77cf18,0x0000000100000000)
  to   space 116224K, 0% used [0x00000000f1d00000,0x00000000f1d00000,0x00000000f8e80000)
 ParOldGen       total 269312K, used 184709K [0x00000000c0000000, 0x00000000d0700000, 0x00000000eab00000)
  object space 269312K, 68% used [0x00000000c0000000,0x00000000cb4614e8,0x00000000d0700000)
 Metaspace       used 7165K, capacity 7704K, committed 7936K, reserved 1056768K
  class space    used 645K, capacity 656K, committed 768K, reserved 1048576K
GC Heap History (10 events):
Event: 8.347 GC heap before
{Heap before GC invocations=16 (full 3):
 PSYoungGen      total 232960K, used 232933K [0x00000000eab00000, 0x0000000100000000, 0x0000000100000000)
  eden space 116736K, 100% used [0x00000000eab00000,0x00000000f1d00000,0x00000000f1d00000)
  from space 116224K, 99% used [0x00000000f8e80000,0x00000000ffff94c0,0x0000000100000000)
  to   space 116224K, 0% used [0x00000000f1d00000,0x00000000f1d00000,0x00000000f8e80000)
 ParOldGen       total 269312K, used 102860K [0x00000000c0000000, 0x00000000d0700000, 0x00000000eab00000)
  object space 269312K, 38% used [0x00000000c0000000,0x00000000c6473128,0x00000000d0700000)
 Metaspace       used 6310K, capacity 7216K, committed 7296K, reserved 1056768K
  class space    used 585K, capacity 616K, committed 640K, reserved 1048576K
Event: 8.413 GC heap after
Heap after GC invocations=16 (full 3):
 PSYoungGen      total 232960K, used 31406K [0x00000000eab00000, 0x0000000100000000, 0x0000000100000000)
  eden space 116736K, 0% used [0x00000000eab00000,0x00000000eab00000,0x00000000f1d00000)
  from space 116224K, 27% used [0x00000000f1d00000,0x00000000f3bab848,0x00000000f8e80000)
  to   space 116224K, 0% used [0x00000000f8e80000,0x00000000f8e80000,0x0000000100000000)
 ParOldGen       total 269312K, used 175854K [0x00000000c0000000, 0x00000000d0700000, 0x00000000eab00000)
  object space 269312K, 65% used [0x00000000c0000000,0x00000000cabbb9a8,0x00000000d0700000)
 Metaspace       used 6310K, capacity 7216K, committed 7296K, reserved 1056768K
  class space    used 585K, capacity 616K, committed 640K, reserved 1048576K
}
Event: 8.673 GC heap before
{Heap before GC invocations=17 (full 3):
 PSYoungGen      total 232960K, used 148142K [0x00000000eab00000, 0x0000000100000000, 0x0000000100000000)
  eden space 116736K, 100% used [0x00000000eab00000,0x00000000f1d00000,0x00000000f1d00000)
  from space 116224K, 27% used [0x00000000f1d00000,0x00000000f3bab848,0x00000000f8e80000)
  to   space 116224K, 0% used [0x00000000f8e80000,0x00000000f8e80000,0x0000000100000000)
 ParOldGen       total 269312K, used 175854K [0x00000000c0000000, 0x00000000d0700000, 0x00000000eab00000)
  object space 269312K, 65% used [0x00000000c0000000,0x00000000cabbb9a8,0x00000000d0700000)
 Metaspace       used 6346K, capacity 7216K, committed 7296K, reserved 1056768K
  class space    used 585K, capacity 616K, committed 640K, reserved 1048576K
Event: 8.717 GC heap after
Heap after GC invocations=17 (full 3):
 PSYoungGen      total 232960K, used 23092K [0x00000000eab00000, 0x0000000100000000, 0x0000000100000000)
  eden space 116736K, 0% used [0x00000000eab00000,0x00000000eab00000,0x00000000f1d00000)
  from space 116224K, 19% used [0x00000000f8e80000,0x00000000fa50d338,0x0000000100000000)
  to   space 116224K, 0% used [0x00000000f1d00000,0x00000000f1d00000,0x00000000f8e80000)
 ParOldGen       total 269312K, used 206892K [0x00000000c0000000, 0x00000000d0700000, 0x00000000eab00000)
  object space 269312K, 76% used [0x00000000c0000000,0x00000000cca0b1c8,0x00000000d0700000)
 Metaspace       used 6346K, capacity 7216K, committed 7296K, reserved 1056768K
  class space    used 585K, capacity 616K, committed 640K, reserved 1048576K
}
Event: 8.717 GC heap before
{Heap before GC invocations=18 (full 4):
 PSYoungGen      total 232960K, used 23092K [0x00000000eab00000, 0x0000000100000000, 0x0000000100000000)
  eden space 116736K, 0% used [0x00000000eab00000,0x00000000eab00000,0x00000000f1d00000)
  from space 116224K, 19% used [0x00000000f8e80000,0x00000000fa50d338,0x0000000100000000)
  to   space 116224K, 0% used [0x00000000f1d00000,0x00000000f1d00000,0x00000000f8e80000)
 ParOldGen       total 269312K, used 206892K [0x00000000c0000000, 0x00000000d0700000, 0x00000000eab00000)
  object space 269312K, 76% used [0x00000000c0000000,0x00000000cca0b1c8,0x00000000d0700000)
 Metaspace       used 6346K, capacity 7216K, committed 7296K, reserved 1056768K
  class space    used 585K, capacity 616K, committed 640K, reserved 1048576K
Event: 8.973 GC heap after
Heap after GC invocations=18 (full 4):
 PSYoungGen      total 232960K, used 0K [0x00000000eab00000, 0x0000000100000000, 0x0000000100000000)
  eden space 116736K, 0% used [0x00000000eab00000,0x00000000eab00000,0x00000000f1d00000)
  from space 116224K, 0% used [0x00000000f8e80000,0x00000000f8e80000,0x0000000100000000)
  to   space 116224K, 0% used [0x00000000f1d00000,0x00000000f1d00000,0x00000000f8e80000)
 ParOldGen       total 269312K, used 137713K [0x00000000c0000000, 0x00000000d0700000, 0x00000000eab00000)
  object space 269312K, 51% used [0x00000000c0000000,0x00000000c867c5c8,0x00000000d0700000)
 Metaspace       used 6346K, capacity 7216K, committed 7296K, reserved 1056768K
  class space    used 585K, capacity 616K, committed 640K, reserved 1048576K
}
Event: 9.152 GC heap before
{Heap before GC invocations=19 (full 4):
 PSYoungGen      total 232960K, used 116736K [0x00000000eab00000, 0x0000000100000000, 0x0000000100000000)
  eden space 116736K, 100% used [0x00000000eab00000,0x00000000f1d00000,0x00000000f1d00000)
  from space 116224K, 0% used [0x00000000f8e80000,0x00000000f8e80000,0x0000000100000000)
  to   space 116224K, 0% used [0x00000000f1d00000,0x00000000f1d00000,0x00000000f8e80000)
 ParOldGen       total 269312K, used 137713K [0x00000000c0000000, 0x00000000d0700000, 0x00000000eab00000)
  object space 269312K, 51% used [0x00000000c0000000,0x00000000c867c5c8,0x00000000d0700000)
 Metaspace       used 6350K, capacity 7216K, committed 7296K, reserved 1056768K
  class space    used 585K, capacity 616K, committed 640K, reserved 1048576K
Event: 9.175 GC heap after
Heap after GC invocations=19 (full 4):
 PSYoungGen      total 232960K, used 45682K [0x00000000eab00000, 0x0000000100000000, 0x0000000100000000)
  eden space 116736K, 0% used [0x00000000eab00000,0x00000000eab00000,0x00000000f1d00000)
  from space 116224K, 39% used [0x00000000f1d00000,0x00000000f499c938,0x00000000f8e80000)
  to   space 116224K, 0% used [0x00000000f8e80000,0x00000000f8e80000,0x0000000100000000)
 ParOldGen       total 269312K, used 137713K [0x00000000c0000000, 0x00000000d0700000, 0x00000000eab00000)
  object space 269312K, 51% used [0x00000000c0000000,0x00000000c867c5c8,0x00000000d0700000)
 Metaspace       used 6350K, capacity 7216K, committed 7296K, reserved 1056768K
  class space    used 585K, capacity 616K, committed 640K, reserved 1048576K
}
Event: 9.276 GC heap before
{Heap before GC invocations=20 (full 4):
 PSYoungGen      total 232960K, used 162418K [0x00000000eab00000, 0x0000000100000000, 0x0000000100000000)
  eden space 116736K, 100% used [0x00000000eab00000,0x00000000f1d00000,0x00000000f1d00000)
  from space 116224K, 39% used [0x00000000f1d00000,0x00000000f499c938,0x00000000f8e80000)
  to   space 116224K, 0% used [0x00000000f8e80000,0x00000000f8e80000,0x0000000100000000)
 ParOldGen       total 269312K, used 137713K [0x00000000c0000000, 0x00000000d0700000, 0x00000000eab00000)
  object space 269312K, 51% used [0x00000000c0000000,0x00000000c867c5c8,0x00000000d0700000)
 Metaspace       used 6363K, capacity 7216K, committed 7296K, reserved 1056768K
  class space    used 587K, capacity 616K, committed 640K, reserved 1048576K
Event: 9.318 GC heap after
Heap after GC invocations=20 (full 4):
 PSYoungGen      total 232960K, used 41971K [0x00000000eab00000, 0x0000000100000000, 0x0000000100000000)
  eden space 116736K, 0% used [0x00000000eab00000,0x00000000eab00000,0x00000000f1d00000)
  from space 116224K, 36% used [0x00000000f8e80000,0x00000000fb77cf18,0x0000000100000000)
  to   space 116224K, 0% used [0x00000000f1d00000,0x00000000f1d00000,0x00000000f8e80000)
 ParOldGen       total 269312K, used 184709K [0x00000000c0000000, 0x00000000d0700000, 0x00000000eab00000)
  object space 269312K, 68% used [0x00000000c0000000,0x00000000cb4614e8,0x00000000d0700000)
 Metaspace       used 6363K, capacity 7216K, committed 7296K, reserved 1056768K
  class space    used 587K, capacity 616K, committed 640K, reserved 1048576K
}

