# JRE version: OpenJDK Runtime Environment (8.0_76-b03) (build 1.8.0_76-release-b03)
# Java VM: OpenJDK 64-Bit Server VM (25.76-b03 mixed mode windows-amd64 compressed oops)
Heap:
 PSYoungGen      total 136192K, used 76030K [0x00000000d5580000, 0x00000000e3f80000, 0x0000000100000000)
  eden space 131072K, 54% used [0x00000000d5580000,0x00000000d9ac3908,0x00000000dd580000)
  from space 5120K, 99% used [0x00000000dd580000,0x00000000dda7c0e8,0x00000000dda80000)
  to   space 29696K, 0% used [0x00000000e2280000,0x00000000e2280000,0x00000000e3f80000)
 ParOldGen       total 142336K, used 81248K [0x0000000080000000, 0x0000000088b00000, 0x00000000d5580000)
  object space 142336K, 57% used [0x0000000080000000,0x0000000084f58320,0x0000000088b00000)
 Metaspace       used 6385K, capacity 7216K, committed 7296K, reserved 1056768K
  class space    used 587K, capacity 616K, committed 640K, reserved 1048576K
GC Heap History (10 events):
Event: 3.223 GC heap before
{Heap before GC invocations=4 (full 0):
 PSYoungGen      total 70656K, used 70655K [0x00000000d5580000, 0x00000000ddf80000, 0x0000000100000000)
  eden space 65536K, 100% used [0x00000000d5580000,0x00000000d9580000,0x00000000d9580000)
  from space 5120K, 99% used [0x00000000d9580000,0x00000000d9a7fc90,0x00000000d9a80000)
  to   space 5120K, 0% used [0x00000000dda80000,0x00000000dda80000,0x00000000ddf80000)
 ParOldGen       total 86016K, used 17418K [0x0000000080000000, 0x0000000085400000, 0x00000000d5580000)
  object space 86016K, 20% used [0x0000000080000000,0x0000000081102a60,0x0000000085400000)
 Metaspace       used 6244K, capacity 7152K, committed 7296K, reserved 1056768K
  class space    used 587K, capacity 616K, committed 640K, reserved 1048576K
Event: 3.260 GC heap after
Heap after GC invocations=4 (full 0):
 PSYoungGen      total 136192K, used 5116K [0x00000000d5580000, 0x00000000ddf80000, 0x0000000100000000)
  eden space 131072K, 0% used [0x00000000d5580000,0x00000000d5580000,0x00000000dd580000)
  from space 5120K, 99% used [0x00000000dda80000,0x00000000ddf7f0b0,0x00000000ddf80000)
  to   space 5120K, 0% used [0x00000000dd580000,0x00000000dd580000,0x00000000dda80000)
 ParOldGen       total 86016K, used 27425K [0x0000000080000000, 0x0000000085400000, 0x00000000d5580000)
  object space 86016K, 31% used [0x0000000080000000,0x0000000081ac8560,0x0000000085400000)
 Metaspace       used 6244K, capacity 7152K, committed 7296K, reserved 1056768K
  class space    used 587K, capacity 616K, committed 640K, reserved 1048576K
}
Event: 3.791 GC heap before
{Heap before GC invocations=5 (full 0):
 PSYoungGen      total 136192K, used 136188K [0x00000000d5580000, 0x00000000ddf80000, 0x0000000100000000)
  eden space 131072K, 100% used [0x00000000d5580000,0x00000000dd580000,0x00000000dd580000)
  from space 5120K, 99% used [0x00000000dda80000,0x00000000ddf7f0b0,0x00000000ddf80000)
  to   space 5120K, 0% used [0x00000000dd580000,0x00000000dd580000,0x00000000dda80000)
 ParOldGen       total 86016K, used 27425K [0x0000000080000000, 0x0000000085400000, 0x00000000d5580000)
  object space 86016K, 31% used [0x0000000080000000,0x0000000081ac8560,0x0000000085400000)
 Metaspace       used 6353K, capacity 7216K, committed 7296K, reserved 1056768K
  class space    used 587K, capacity 616K, committed 640K, reserved 1048576K
Event: 3.846 GC heap after
Heap after GC invocations=5 (full 0):
 PSYoungGen      total 136192K, used 5112K [0x00000000d5580000, 0x00000000ddf80000, 0x0000000100000000)
  eden space 131072K, 0% used [0x00000000d5580000,0x00000000d5580000,0x00000000dd580000)
  from space 5120K, 99% used [0x00000000dd580000,0x00000000dda7e168,0x00000000dda80000)
  to   space 5120K, 0% used [0x00000000dda80000,0x00000000dda80000,0x00000000ddf80000)
 ParOldGen       total 86016K, used 47683K [0x0000000080000000, 0x0000000085400000, 0x00000000d5580000)
  object space 86016K, 55% used [0x0000000080000000,0x0000000082e90f60,0x0000000085400000)
 Metaspace       used 6353K, capacity 7216K, committed 7296K, reserved 1056768K
  class space    used 587K, capacity 616K, committed 640K, reserved 1048576K
}
Event: 4.358 GC heap before
{Heap before GC invocations=6 (full 0):
 PSYoungGen      total 136192K, used 136184K [0x00000000d5580000, 0x00000000ddf80000, 0x0000000100000000)
  eden space 131072K, 100% used [0x00000000d5580000,0x00000000dd580000,0x00000000dd580000)
  from space 5120K, 99% used [0x00000000dd580000,0x00000000dda7e168,0x00000000dda80000)
  to   space 5120K, 0% used [0x00000000dda80000,0x00000000dda80000,0x00000000ddf80000)
 ParOldGen       total 86016K, used 47683K [0x0000000080000000, 0x0000000085400000, 0x00000000d5580000)
  object space 86016K, 55% used [0x0000000080000000,0x0000000082e90f60,0x0000000085400000)
 Metaspace       used 6373K, capacity 7216K, committed 7296K, reserved 1056768K
  class space    used 587K, capacity 616K, committed 640K, reserved 1048576K
Event: 4.400 GC heap after
Heap after GC invocations=6 (full 0):
 PSYoungGen      total 136192K, used 5111K [0x00000000d5580000, 0x00000000ddf80000, 0x0000000100000000)
  eden space 131072K, 0% used [0x00000000d5580000,0x00000000d5580000,0x00000000dd580000)
  from space 5120K, 99% used [0x00000000dda80000,0x00000000ddf7df10,0x00000000ddf80000)
  to   space 5120K, 0% used [0x00000000dd580000,0x00000000dd580000,0x00000000dda80000)
 ParOldGen       total 86016K, used 66527K [0x0000000080000000, 0x0000000085400000, 0x00000000d5580000)
  object space 86016K, 77% used [0x0000000080000000,0x00000000840f7fc0,0x0000000085400000)
 Metaspace       used 6373K, capacity 7216K, committed 7296K, reserved 1056768K
  class space    used 587K, capacity 616K, committed 640K, reserved 1048576K
}
Event: 4.400 GC heap before
{Heap before GC invocations=7 (full 1):
 PSYoungGen      total 136192K, used 5111K [0x00000000d5580000, 0x00000000ddf80000, 0x0000000100000000)
  eden space 131072K, 0% used [0x00000000d5580000,0x00000000d5580000,0x00000000dd580000)
  from space 5120K, 99% used [0x00000000dda80000,0x00000000ddf7df10,0x00000000ddf80000)
  to   space 5120K, 0% used [0x00000000dd580000,0x00000000dd580000,0x00000000dda80000)
 ParOldGen       total 86016K, used 66527K [0x0000000080000000, 0x0000000085400000, 0x00000000d5580000)
  object space 86016K, 77% used [0x0000000080000000,0x00000000840f7fc0,0x0000000085400000)
 Metaspace       used 6373K, capacity 7216K, committed 7296K, reserved 1056768K
  class space    used 587K, capacity 616K, committed 640K, reserved 1048576K
Event: 4.839 GC heap after
Heap after GC invocations=7 (full 1):
 PSYoungGen      total 136192K, used 0K [0x00000000d5580000, 0x00000000ddf80000, 0x0000000100000000)
  eden space 131072K, 0% used [0x00000000d5580000,0x00000000d5580000,0x00000000dd580000)
  from space 5120K, 0% used [0x00000000dda80000,0x00000000dda80000,0x00000000ddf80000)
  to   space 5120K, 0% used [0x00000000dd580000,0x00000000dd580000,0x00000000dda80000)
 ParOldGen       total 142336K, used 65814K [0x0000000080000000, 0x0000000088b00000, 0x00000000d5580000)
  object space 142336K, 46% used [0x0000000080000000,0x00000000840459b8,0x0000000088b00000)
 Metaspace       used 6373K, capacity 7216K, committed 7296K, reserved 1056768K
  class space    used 587K, capacity 616K, committed 640K, reserved 1048576K
}
Event: 5.274 GC heap before
{Heap before GC invocations=8 (full 1):
 PSYoungGen      total 136192K, used 131072K [0x00000000d5580000, 0x00000000ddf80000, 0x0000000100000000)
  eden space 131072K, 100% used [0x00000000d5580000,0x00000000dd580000,0x00000000dd580000)
  from space 5120K, 0% used [0x00000000dda80000,0x00000000dda80000,0x00000000ddf80000)
  to   space 5120K, 0% used [0x00000000dd580000,0x00000000dd580000,0x00000000dda80000)
 ParOldGen       total 142336K, used 65814K [0x0000000080000000, 0x0000000088b00000, 0x00000000d5580000)
  object space 142336K, 46% used [0x0000000080000000,0x00000000840459b8,0x0000000088b00000)
 Metaspace       used 6381K, capacity 7216K, committed 7296K, reserved 1056768K
  class space    used 587K, capacity 616K, committed 640K, reserved 1048576K
Event: 5.295 GC heap after
Heap after GC invocations=8 (full 1):
 PSYoungGen      total 136192K, used 5104K [0x00000000d5580000, 0x00000000e3f80000, 0x0000000100000000)
  eden space 131072K, 0% used [0x00000000d5580000,0x00000000d5580000,0x00000000dd580000)
  from space 5120K, 99% used [0x00000000dd580000,0x00000000dda7c0e8,0x00000000dda80000)
  to   space 29696K, 0% used [0x00000000e2280000,0x00000000e2280000,0x00000000e3f80000)
 ParOldGen       total 142336K, used 81248K [0x0000000080000000, 0x0000000088b00000, 0x00000000d5580000)
  object space 142336K, 57% used [0x0000000080000000,0x0000000084f58320,0x0000000088b00000)
 Metaspace       used 6381K, capacity 7216K, committed 7296K, reserved 1056768K
  class space    used 587K, capacity 616K, committed 640K, reserved 1048576K
}

